2024-02-23T17:24:53.561+09:00  INFO 5444 --- [restartedMain] com.web.project.ProjectApplication       : Starting ProjectApplication using Java 21.0.1 with PID 5444 (C:\ddaza\javastudy\workspace\yaLoLza\target\classes started by wlsql in C:\ddaza\javastudy\workspace\yaLoLza)
2024-02-23T17:24:53.568+09:00  INFO 5444 --- [restartedMain] com.web.project.ProjectApplication       : No active profile set, falling back to 1 default profile: "default"
2024-02-23T17:24:53.615+09:00  INFO 5444 --- [restartedMain] o.s.b.devtools.restart.ChangeableUrls    : The Class-Path manifest attribute in C:\Users\wlsql\.m2\repository\com\oracle\database\jdbc\ojdbc10\19.21.0.0\ojdbc10-19.21.0.0.jar referenced one or more files that do not exist: file:/C:/Users/wlsql/.m2/repository/com/oracle/database/jdbc/ojdbc10/19.21.0.0/oraclepki.jar
2024-02-23T17:24:53.615+09:00  INFO 5444 --- [restartedMain] .e.DevToolsPropertyDefaultsPostProcessor : Devtools property defaults active! Set 'spring.devtools.add-properties' to 'false' to disable
2024-02-23T17:24:53.616+09:00  INFO 5444 --- [restartedMain] .e.DevToolsPropertyDefaultsPostProcessor : For additional web related logging consider setting the 'logging.level.web' property to 'DEBUG'
2024-02-23T17:24:54.474+09:00  INFO 5444 --- [restartedMain] .s.d.r.c.RepositoryConfigurationDelegate : Bootstrapping Spring Data JPA repositories in DEFAULT mode.
2024-02-23T17:24:54.519+09:00  INFO 5444 --- [restartedMain] .s.d.r.c.RepositoryConfigurationDelegate : Finished Spring Data repository scanning in 38 ms. Found 1 JPA repository interface.
2024-02-23T17:24:55.199+09:00  INFO 5444 --- [restartedMain] o.s.b.w.embedded.tomcat.TomcatWebServer  : Tomcat initialized with port 9998 (http)
2024-02-23T17:24:55.210+09:00  INFO 5444 --- [restartedMain] o.apache.catalina.core.StandardService   : Starting service [Tomcat]
2024-02-23T17:24:55.210+09:00  INFO 5444 --- [restartedMain] o.apache.catalina.core.StandardEngine    : Starting Servlet engine: [Apache Tomcat/10.1.18]
2024-02-23T17:24:55.261+09:00  INFO 5444 --- [restartedMain] o.a.c.c.C.[Tomcat].[localhost].[/]       : Initializing Spring embedded WebApplicationContext
2024-02-23T17:24:55.261+09:00  INFO 5444 --- [restartedMain] w.s.c.ServletWebServerApplicationContext : Root WebApplicationContext: initialization completed in 1645 ms
2024-02-23T17:24:55.569+09:00  INFO 5444 --- [restartedMain] o.hibernate.jpa.internal.util.LogHelper  : HHH000204: Processing PersistenceUnitInfo [name: default]
2024-02-23T17:24:55.649+09:00  INFO 5444 --- [restartedMain] org.hibernate.Version                    : HHH000412: Hibernate ORM core version 6.4.1.Final
2024-02-23T17:24:55.690+09:00  INFO 5444 --- [restartedMain] o.h.c.internal.RegionFactoryInitiator    : HHH000026: Second-level cache disabled
2024-02-23T17:24:55.931+09:00  INFO 5444 --- [restartedMain] o.s.o.j.p.SpringPersistenceUnitInfo      : No LoadTimeWeaver setup: ignoring JPA class transformer
2024-02-23T17:24:55.959+09:00  INFO 5444 --- [restartedMain] com.zaxxer.hikari.HikariDataSource       : HikariPool-1 - Starting...
2024-02-23T17:24:55.962+09:00  WARN 5444 --- [restartedMain] c.zaxxer.hikari.util.DriverDataSource    : Registered driver with driverClassName=oracle.jdbc.driver.OracleDriver was not found, trying direct instantiation.
2024-02-23T17:24:56.241+09:00  INFO 5444 --- [restartedMain] com.zaxxer.hikari.pool.HikariPool        : HikariPool-1 - Added connection oracle.jdbc.driver.T4CConnection@495f218c
2024-02-23T17:24:56.243+09:00  INFO 5444 --- [restartedMain] com.zaxxer.hikari.HikariDataSource       : HikariPool-1 - Start completed.
2024-02-23T17:24:56.357+09:00  WARN 5444 --- [restartedMain] org.hibernate.dialect.Dialect            : HHH000511: The 11.2.0 version for [org.hibernate.dialect.OracleDialect] is no longer supported, hence certain features may not work properly. The minimum supported version is 19.0.0. Check the community dialects project for available legacy versions.
2024-02-23T17:24:56.362+09:00  WARN 5444 --- [restartedMain] org.hibernate.orm.deprecation            : HHH90000025: OracleDialect does not need to be specified explicitly using 'hibernate.dialect' (remove the property setting and it will be selected by default)
2024-02-23T17:24:57.219+09:00  INFO 5444 --- [restartedMain] o.h.e.t.j.p.i.JtaPlatformInitiator       : HHH000489: No JTA platform available (set 'hibernate.transaction.jta.platform' to enable JTA platform integration)
2024-02-23T17:24:57.303+09:00  INFO 5444 --- [restartedMain] j.LocalContainerEntityManagerFactoryBean : Initialized JPA EntityManagerFactory for persistence unit 'default'
2024-02-23T17:24:57.542+09:00  INFO 5444 --- [restartedMain] f.a.AutowiredAnnotationBeanPostProcessor : Autowired annotation is not supported on static fields: static java.lang.String com.web.project.system.MediaFiles.rootFolder
2024-02-23T17:24:57.542+09:00  INFO 5444 --- [restartedMain] f.a.AutowiredAnnotationBeanPostProcessor : Autowired annotation is not supported on static fields: static java.lang.String com.web.project.system.MediaFiles.videoOriginalFolder
2024-02-23T17:24:57.542+09:00  INFO 5444 --- [restartedMain] f.a.AutowiredAnnotationBeanPostProcessor : Autowired annotation is not supported on static fields: static java.lang.String com.web.project.system.MediaFiles.imageOriginalFolder
2024-02-23T17:24:57.542+09:00  INFO 5444 --- [restartedMain] f.a.AutowiredAnnotationBeanPostProcessor : Autowired annotation is not supported on static fields: static java.lang.Integer com.web.project.system.MediaFiles.randomNameLength
2024-02-23T17:24:57.542+09:00  INFO 5444 --- [restartedMain] f.a.AutowiredAnnotationBeanPostProcessor : Autowired annotation is not supported on static fields: static java.lang.Integer com.web.project.system.MediaFiles.videoGifFrameRates
2024-02-23T17:24:57.542+09:00  INFO 5444 --- [restartedMain] f.a.AutowiredAnnotationBeanPostProcessor : Autowired annotation is not supported on static fields: static java.lang.Long com.web.project.system.MediaFiles.videoThumbDuration
2024-02-23T17:24:57.543+09:00  INFO 5444 --- [restartedMain] f.a.AutowiredAnnotationBeanPostProcessor : Autowired annotation is not supported on static fields: static java.lang.Long com.web.project.system.MediaFiles.videoThumbOffset
2024-02-23T17:24:57.543+09:00  INFO 5444 --- [restartedMain] f.a.AutowiredAnnotationBeanPostProcessor : Autowired annotation is not supported on static fields: static java.lang.Integer com.web.project.system.MediaFiles.videoGifWidth
2024-02-23T17:24:57.543+09:00  INFO 5444 --- [restartedMain] f.a.AutowiredAnnotationBeanPostProcessor : Autowired annotation is not supported on static fields: static java.lang.Integer com.web.project.system.MediaFiles.videoMp4Width
2024-02-23T17:24:57.543+09:00  INFO 5444 --- [restartedMain] f.a.AutowiredAnnotationBeanPostProcessor : Autowired annotation is not supported on static fields: static java.lang.Integer com.web.project.system.MediaFiles.videoJpgWidth
2024-02-23T17:24:57.543+09:00  INFO 5444 --- [restartedMain] f.a.AutowiredAnnotationBeanPostProcessor : Autowired annotation is not supported on static fields: static java.lang.String com.web.project.system.MediaFiles.videoFFmpegPath
2024-02-23T17:24:57.543+09:00  INFO 5444 --- [restartedMain] f.a.AutowiredAnnotationBeanPostProcessor : Autowired annotation is not supported on static fields: static java.lang.String com.web.project.system.MediaFiles.videoFFprobePath
2024-02-23T17:24:57.543+09:00  INFO 5444 --- [restartedMain] f.a.AutowiredAnnotationBeanPostProcessor : Autowired annotation is not supported on static fields: static java.lang.Integer com.web.project.system.MediaFiles.imageBigWidth
2024-02-23T17:24:57.543+09:00  INFO 5444 --- [restartedMain] f.a.AutowiredAnnotationBeanPostProcessor : Autowired annotation is not supported on static fields: static java.lang.Integer com.web.project.system.MediaFiles.imageMediumWidth
2024-02-23T17:24:57.543+09:00  INFO 5444 --- [restartedMain] f.a.AutowiredAnnotationBeanPostProcessor : Autowired annotation is not supported on static fields: static java.lang.Integer com.web.project.system.MediaFiles.imageSmallWidth
2024-02-23T17:24:57.724+09:00  WARN 5444 --- [restartedMain] JpaBaseConfiguration$JpaWebConfiguration : spring.jpa.open-in-view is enabled by default. Therefore, database queries may be performed during view rendering. Explicitly configure spring.jpa.open-in-view to disable this warning
2024-02-23T17:24:58.140+09:00  INFO 5444 --- [restartedMain] o.s.b.a.e.web.EndpointLinksResolver      : Exposing 15 endpoint(s) beneath base path '/monitoringPath'
2024-02-23T17:24:58.237+09:00  INFO 5444 --- [restartedMain] o.s.s.web.DefaultSecurityFilterChain     : Will secure any request with [org.springframework.security.web.session.DisableEncodeUrlFilter@6d9c439f, org.springframework.security.web.context.request.async.WebAsyncManagerIntegrationFilter@6c2e8c91, org.springframework.security.web.context.SecurityContextHolderFilter@8216818, org.springframework.security.web.header.HeaderWriterFilter@34a413cd, org.springframework.web.filter.CorsFilter@b240a9e, org.springframework.security.web.csrf.CsrfFilter@525653b3, org.springframework.security.web.authentication.logout.LogoutFilter@290a122c, org.springframework.security.oauth2.client.web.OAuth2AuthorizationRequestRedirectFilter@385e29e2, org.springframework.security.oauth2.client.web.OAuth2LoginAuthenticationFilter@3c786cd6, org.springframework.security.web.authentication.UsernamePasswordAuthenticationFilter@73ed93e6, org.springframework.security.web.savedrequest.RequestCacheAwareFilter@406e5d92, org.springframework.security.web.servletapi.SecurityContextHolderAwareRequestFilter@13c9575e, org.springframework.security.web.authentication.rememberme.RememberMeAuthenticationFilter@6dbd81dc, org.springframework.security.web.authentication.AnonymousAuthenticationFilter@7728b2bf, org.springframework.security.web.access.ExceptionTranslationFilter@4a9a2617, org.springframework.security.web.access.intercept.AuthorizationFilter@6c4b7832]
2024-02-23T17:24:58.694+09:00  INFO 5444 --- [restartedMain] o.s.b.d.a.OptionalLiveReloadServer       : LiveReload server is running on port 35729
2024-02-23T17:24:58.761+09:00  INFO 5444 --- [restartedMain] o.s.b.w.embedded.tomcat.TomcatWebServer  : Tomcat started on port 9998 (http) with context path ''
2024-02-23T17:24:58.771+09:00  INFO 5444 --- [restartedMain] com.web.project.ProjectApplication       : Started ProjectApplication in 5.51 seconds (process running for 6.036)
2024-02-23T17:24:59.033+09:00  INFO 5444 --- [RMI TCP Connection(3)-127.0.0.1] o.a.c.c.C.[Tomcat].[localhost].[/]       : Initializing Spring DispatcherServlet 'dispatcherServlet'
2024-02-23T17:24:59.033+09:00  INFO 5444 --- [RMI TCP Connection(3)-127.0.0.1] o.s.web.servlet.DispatcherServlet        : Initializing Servlet 'dispatcherServlet'
2024-02-23T17:24:59.034+09:00  INFO 5444 --- [RMI TCP Connection(3)-127.0.0.1] o.s.web.servlet.DispatcherServlet        : Completed initialization in 1 ms
